Arguments: 
  /home/jmachado/.nvm/versions/node/v15.12.0/bin/node /home/jmachado/.nvm/versions/node/v15.12.0/bin/yarn

PATH: 
  /home/jmachado/.rbenv/shims:/home/jmachado/.rbenv/bin:/home/jmachado/.rbenv/shims:/home/jmachado/.rbenv/bin:/home/jmachado/.rbenv/shims:/home/jmachado/.rbenv/bin:/home/jmachado/.zinit/polaris/bin:/home/jmachado/.rbenv/shims:/home/jmachado/.rbenv/bin:/home/jmachado/.nvm/versions/node/v15.12.0/bin:/usr/local/sbin:/usr/local/bin:/usr/sbin:/usr/bin:/sbin:/bin:/usr/games:/usr/local/games:/snap/bin:/home/jmachado/.yarn/bin:/home/jmachado/.yarn/bin:/home/jmachado/.yarn/bin:/home/jmachado/.yarn/bin

Yarn version: 
  1.22.10

Node version: 
  15.12.0

Platform: 
  linux x64

Trace: 
  SyntaxError: /home/jmachado/dev/tests/boilerplate-ddd-frontend/package.json: Unexpected token } in JSON at position 1716
      at JSON.parse (<anonymous>)
      at /home/jmachado/.nvm/versions/node/v15.12.0/lib/node_modules/yarn/lib/cli.js:1625:59
      at Generator.next (<anonymous>)
      at step (/home/jmachado/.nvm/versions/node/v15.12.0/lib/node_modules/yarn/lib/cli.js:310:30)
      at /home/jmachado/.nvm/versions/node/v15.12.0/lib/node_modules/yarn/lib/cli.js:321:13

npm manifest: 
  {
    "name": "boilerplate-ddd-frontend",
    "version": "1.0.0",
    "license": "MIT",
    "scripts": {
      "commit": "git-cz",
      "stylelint": "stylelint '**/*.{css,scss,tsx}'",
      "eslint": "eslint . --ext js,jsx,ts,tsx --fix",
      "tslint": "tslint --exclude 'node_modules/**' '**/*.{ts,tsx}'",
      "lint": "yarn eslint ; yarn stylelint ; yarn tslint",
      "fix-styles": "stylelint --quiet 'src/**/*.{css,scss,tsx}' --fix",
      "postinstall": "husky install"
    },
    "dependencies": {},
    "devDependencies": {
      "@commitlint/cli": "11.0.0",
      "@commitlint/config-conventional": "11.0.0",
      "@typescript-eslint/eslint-plugin": "4.15.1",
      "@typescript-eslint/parser": "4.15.1",
      "commitizen": "4.2.3",
      "eslint": "7.20.0",
      "eslint-config-airbnb": "18.2.1",
      "eslint-config-prettier": "7.2.0",
      "eslint-import-resolver-alias": "1.1.2",
      "eslint-import-resolver-babel-module": "5.2.0",
      "eslint-import-resolver-babel-plugin-root-import": "1.1.1",
      "eslint-import-resolver-typescript": "2.4.0",
      "eslint-import-resolver-webpack": "0.13.0",
      "eslint-plugin-import": "2.22.1",
      "eslint-plugin-import-helpers": "1.1.0",
      "eslint-plugin-jest": "24.1.5",
      "eslint-plugin-jsx-a11y": "6.4.1",
      "eslint-plugin-prettier": "3.3.1",
      "eslint-plugin-react": "7.22.0",
      "eslint-plugin-react-hooks": "4.2.0",
      "husky": "5.0.9",
      "lint-staged": "10.5.4",
      "stylelint": "13.11.0",
      "stylelint-config-prettier": "8.0.2",
      "stylelint-config-rational-declaration": "1.0.0",
      "stylelint-config-recommended": "3.0.0",
      "stylelint-config-recommended-scss": "4.2.0",
      "stylelint-order": "4.1.0",
      "stylelint-prettier": "1.1.2",
      "stylelint-scss": "3.19.0",
    },
    "config": {
      "commitizen": {
        "path": "cz-conventional-changelog"
      }
    }
  }

yarn manifest: 
  No manifest

Lockfile: 
  # THIS IS AN AUTOGENERATED FILE. DO NOT EDIT THIS FILE DIRECTLY.
  # yarn lockfile v1
